[2020-02-15T15:52:02.506] [DEBUG] cheese - login => username:zhuyanbing,password:123
[2020-02-15T15:52:02.510] [DEBUG] cheese - zhuyanbing
[2020-02-15T15:52:02.525] [DEBUG] cheese - null
[2020-02-15T15:52:02.525] [DEBUG] cheese - null
[2020-02-15T15:52:21.177] [DEBUG] cheese - login => username:zhuyanbing,password:123
[2020-02-15T15:52:21.178] [DEBUG] cheese - zhuyanbing
[2020-02-15T15:52:21.182] [DEBUG] cheese - null
[2020-02-15T15:52:21.182] [DEBUG] cheese - null
[2020-02-15T15:52:23.283] [DEBUG] cheese - login => username:zhuyanbing,password:123
[2020-02-15T15:52:23.283] [DEBUG] cheese - zhuyanbing
[2020-02-15T15:52:23.285] [DEBUG] cheese - null
[2020-02-15T15:52:23.286] [DEBUG] cheese - null
[2020-02-15T15:52:24.049] [DEBUG] cheese - login => username:zhuyanbing,password:123
[2020-02-15T15:52:24.050] [DEBUG] cheese - zhuyanbing
[2020-02-15T15:52:24.052] [DEBUG] cheese - null
[2020-02-15T15:52:24.052] [DEBUG] cheese - null
[2020-02-15T15:52:24.638] [DEBUG] cheese - login => username:zhuyanbing,password:123
[2020-02-15T15:52:24.639] [DEBUG] cheese - zhuyanbing
[2020-02-15T15:52:24.641] [DEBUG] cheese - null
[2020-02-15T15:52:24.642] [DEBUG] cheese - null
[2020-02-15T15:52:24.887] [DEBUG] cheese - login => username:zhuyanbing,password:123
[2020-02-15T15:52:24.887] [DEBUG] cheese - zhuyanbing
[2020-02-15T15:52:24.890] [DEBUG] cheese - null
[2020-02-15T15:52:24.890] [DEBUG] cheese - null
[2020-02-15T15:52:25.053] [DEBUG] cheese - login => username:zhuyanbing,password:123
[2020-02-15T15:52:25.053] [DEBUG] cheese - zhuyanbing
[2020-02-15T15:52:25.056] [DEBUG] cheese - null
[2020-02-15T15:52:25.056] [DEBUG] cheese - null
[2020-02-15T15:52:25.225] [DEBUG] cheese - login => username:zhuyanbing,password:123
[2020-02-15T15:52:25.226] [DEBUG] cheese - zhuyanbing
[2020-02-15T15:52:25.229] [DEBUG] cheese - null
[2020-02-15T15:52:25.229] [DEBUG] cheese - null
[2020-02-15T15:52:25.374] [DEBUG] cheese - login => username:zhuyanbing,password:123
[2020-02-15T15:52:25.375] [DEBUG] cheese - zhuyanbing
[2020-02-15T15:52:25.378] [DEBUG] cheese - null
[2020-02-15T15:52:25.378] [DEBUG] cheese - null
[2020-02-15T15:52:25.697] [DEBUG] cheese - login => username:zhuyanbing,password:123
[2020-02-15T15:52:25.697] [DEBUG] cheese - zhuyanbing
[2020-02-15T15:52:25.700] [DEBUG] cheese - null
[2020-02-15T15:52:25.700] [DEBUG] cheese - null
[2020-02-15T15:52:25.871] [DEBUG] cheese - login => username:zhuyanbing,password:123
[2020-02-15T15:52:25.872] [DEBUG] cheese - zhuyanbing
[2020-02-15T15:52:25.874] [DEBUG] cheese - null
[2020-02-15T15:52:25.874] [DEBUG] cheese - null
[2020-02-15T15:52:26.041] [DEBUG] cheese - login => username:zhuyanbing,password:123
[2020-02-15T15:52:26.041] [DEBUG] cheese - zhuyanbing
[2020-02-15T15:52:26.044] [DEBUG] cheese - null
[2020-02-15T15:52:26.045] [DEBUG] cheese - null
[2020-02-15T15:52:40.142] [DEBUG] cheese - login => username:zce,password:123
[2020-02-15T15:52:40.142] [DEBUG] cheese - zce
[2020-02-15T15:52:40.146] [DEBUG] cheese - null
[2020-02-15T15:52:40.146] [DEBUG] cheese - null
[2020-02-15T15:52:53.937] [DEBUG] cheese - login => username:zce,password:123
[2020-02-15T15:52:53.937] [DEBUG] cheese - zce
[2020-02-15T15:52:53.941] [DEBUG] cheese - null
[2020-02-15T15:52:53.941] [DEBUG] cheese - null
[2020-02-15T15:56:39.441] [DEBUG] cheese - login => username:zhu,password:123
[2020-02-15T15:56:39.441] [DEBUG] cheese - zhu
[2020-02-15T15:56:39.450] [DEBUG] cheese - null
[2020-02-15T15:56:39.450] [DEBUG] cheese - null
[2020-02-15T15:56:57.119] [DEBUG] cheese - login => username:zhu,password:123
[2020-02-15T15:56:57.119] [DEBUG] cheese - zhu
[2020-02-15T15:56:57.122] [DEBUG] cheese - null
[2020-02-15T15:59:36.395] [DEBUG] cheese - login => username:admin,password:123456
[2020-02-15T15:59:36.398] [DEBUG] cheese - admin
[2020-02-15T15:59:36.431] [DEBUG] cheese - null
[2020-02-15T15:59:36.432] [DEBUG] cheese - null
[2020-02-15T16:16:05.316] [DEBUG] cheese - login => username:zs,password:123456
[2020-02-15T16:16:05.318] [DEBUG] cheese - zs
[2020-02-15T16:16:05.329] [DEBUG] cheese - null
[2020-02-15T16:16:05.329] [DEBUG] cheese - null
[2020-02-15T16:21:10.314] [DEBUG] cheese - login => username:zs,password:123456
[2020-02-15T16:21:10.315] [DEBUG] cheese - zs
[2020-02-15T16:21:10.327] [DEBUG] cheese - null
[2020-02-15T16:21:10.328] [DEBUG] cheese - null
[2020-02-15T16:21:13.862] [DEBUG] cheese - login => username:zs,password:123456
[2020-02-15T16:21:13.862] [DEBUG] cheese - zs
[2020-02-15T16:21:13.865] [DEBUG] cheese - null
[2020-02-15T16:21:13.865] [DEBUG] cheese - null
[2020-02-15T16:21:19.776] [DEBUG] cheese - login => username:zs,password:123456
[2020-02-15T16:21:19.777] [DEBUG] cheese - zs
[2020-02-15T16:21:19.782] [DEBUG] cheese - null
[2020-02-15T16:21:19.782] [DEBUG] cheese - null
[2020-02-15T16:21:30.337] [DEBUG] cheese - login => username:zs,password:123456
[2020-02-15T16:21:30.337] [DEBUG] cheese - zs
[2020-02-15T16:21:30.343] [DEBUG] cheese - null
[2020-02-15T16:21:30.343] [DEBUG] cheese - null
[2020-02-15T16:21:44.100] [DEBUG] cheese - login => username:zs,password:123456
[2020-02-15T16:21:44.100] [DEBUG] cheese - zs
[2020-02-15T16:21:44.106] [DEBUG] cheese - null
[2020-02-15T16:21:44.107] [DEBUG] cheese - null
[2020-02-15T16:21:49.678] [DEBUG] cheese - login => username:zs,password:123456
[2020-02-15T16:21:49.679] [DEBUG] cheese - zs
[2020-02-15T16:21:49.684] [DEBUG] cheese - null
[2020-02-15T16:21:49.684] [DEBUG] cheese - null
[2020-02-15T16:21:59.902] [DEBUG] cheese - login => username:zs,password:123456
[2020-02-15T16:21:59.902] [DEBUG] cheese - zs
[2020-02-15T16:21:59.908] [DEBUG] cheese - null
[2020-02-15T16:21:59.908] [DEBUG] cheese - null
[2020-02-15T16:22:05.103] [DEBUG] cheese - login => username:zs,password:123456
[2020-02-15T16:22:05.103] [DEBUG] cheese - zs
[2020-02-15T16:22:05.108] [DEBUG] cheese - null
[2020-02-15T16:22:05.108] [DEBUG] cheese - null
[2020-02-15T16:22:10.957] [DEBUG] cheese - login => username:zs,password:123456
[2020-02-15T16:22:10.957] [DEBUG] cheese - zs
[2020-02-15T16:22:10.967] [DEBUG] cheese - null
[2020-02-15T16:22:10.968] [DEBUG] cheese - null
[2020-02-15T16:22:20.431] [DEBUG] cheese - login => username:zs,password:123456
[2020-02-15T16:22:20.431] [DEBUG] cheese - zs
[2020-02-15T16:22:20.435] [DEBUG] cheese - null
[2020-02-15T16:22:20.435] [DEBUG] cheese - null
[2020-02-16T14:57:01.769] [DEBUG] cheese - login => username:admin,password:123456
[2020-02-16T14:57:01.781] [DEBUG] cheese - admin
[2020-02-16T14:57:01.891] [DEBUG] cheese - null
[2020-02-16T14:57:01.891] [DEBUG] cheese - null
[2020-02-16T17:23:02.575] [DEBUG] cheese - login => username:admin,password:123456
[2020-02-16T17:23:02.581] [DEBUG] cheese - admin
[2020-02-16T17:23:02.700] [DEBUG] cheese - null
[2020-02-16T17:23:02.701] [DEBUG] cheese - null
[2020-02-16T17:25:41.700] [DEBUG] cheese - login => username:admin,password:123456
[2020-02-16T17:25:41.702] [DEBUG] cheese - admin
[2020-02-16T17:25:41.728] [DEBUG] cheese - null
[2020-02-16T17:25:41.729] [DEBUG] cheese - null
[2020-02-16T17:29:18.402] [DEBUG] cheese - login => username:admin,password:123456
[2020-02-16T17:29:18.403] [DEBUG] cheese - admin
[2020-02-16T17:29:18.428] [DEBUG] cheese - null
[2020-02-16T17:29:18.428] [DEBUG] cheese - null
[2020-02-17T15:34:57.659] [DEBUG] cheese - login => username:admin,password:123456
[2020-02-17T15:34:57.663] [DEBUG] cheese - admin
[2020-02-17T15:34:57.871] [DEBUG] cheese - null
[2020-02-17T15:34:57.872] [DEBUG] cheese - null
[2020-02-17T16:05:03.958] [DEBUG] cheese - login => username:admin,password:123456
[2020-02-17T16:05:03.959] [DEBUG] cheese - admin
[2020-02-17T16:05:03.974] [DEBUG] cheese - null
[2020-02-17T16:05:03.974] [DEBUG] cheese - null
[2020-02-17T16:05:08.268] [DEBUG] cheese - login => username:admin,password:123456
[2020-02-17T16:05:08.269] [DEBUG] cheese - admin
[2020-02-17T16:05:08.274] [DEBUG] cheese - null
[2020-02-17T16:05:08.275] [DEBUG] cheese - null
[2020-02-17T16:05:21.282] [DEBUG] cheese - login => username:admin,password:123456
[2020-02-17T16:05:21.282] [DEBUG] cheese - admin
[2020-02-17T16:05:21.286] [DEBUG] cheese - null
[2020-02-17T16:05:21.286] [DEBUG] cheese - null
[2020-02-17T16:05:59.085] [DEBUG] cheese - login => username:admin,password:123456
[2020-02-17T16:05:59.085] [DEBUG] cheese - admin
[2020-02-17T16:05:59.091] [DEBUG] cheese - null
[2020-02-17T16:05:59.092] [DEBUG] cheese - null
[2020-02-17T16:10:48.621] [DEBUG] cheese - login => username:admin,password:123456
[2020-02-17T16:10:48.622] [DEBUG] cheese - admin
[2020-02-17T16:10:48.630] [DEBUG] cheese - null
[2020-02-17T16:10:48.631] [DEBUG] cheese - null
[2020-02-17T16:13:25.561] [DEBUG] cheese - login => username:admin,password:123456
[2020-02-17T16:13:25.562] [DEBUG] cheese - admin
[2020-02-17T16:13:25.573] [DEBUG] cheese - null
[2020-02-17T16:13:25.573] [DEBUG] cheese - null
[2020-02-17T16:26:38.719] [DEBUG] cheese - login => username:admin,password:123456
[2020-02-17T16:26:38.720] [DEBUG] cheese - admin
[2020-02-17T16:26:38.729] [DEBUG] cheese - null
[2020-02-17T16:26:38.729] [DEBUG] cheese - null
[2020-02-22T14:33:47.450] [DEBUG] cheese - login => username:admin,password:123456
[2020-02-22T14:33:47.455] [DEBUG] cheese - admin
[2020-02-22T14:33:47.756] [DEBUG] cheese - null
[2020-02-22T14:33:47.757] [DEBUG] cheese - null
[2020-02-23T15:02:15.495] [DEBUG] cheese - login => username:admin,password:123456
[2020-02-23T15:02:15.499] [DEBUG] cheese - admin
[2020-02-23T15:02:15.642] [DEBUG] cheese - null
[2020-02-23T15:02:15.643] [DEBUG] cheese - null
[2020-02-23T15:37:34.772] [DEBUG] cheese - login => username:admin,password:123456
[2020-02-23T15:37:34.774] [DEBUG] cheese - admin
[2020-02-23T15:37:34.785] [DEBUG] cheese - null
[2020-02-23T15:37:34.786] [DEBUG] cheese - null
[2020-02-23T16:29:47.692] [DEBUG] cheese - login => username:admin,password:123456
[2020-02-23T16:29:47.700] [DEBUG] cheese - admin
[2020-02-23T16:29:47.740] [DEBUG] cheese - null
[2020-02-23T16:29:47.742] [DEBUG] cheese - null
